[10:38:47.760] Global cache location '/Users/azer/Library/Caches/typescript/4.8', safe file path '/users/azer/library/application support/fnm/node-versions/v16.14.2/installation/lib/node_modules/typescript/lib/typingsafelist.json', types map path /users/azer/library/application support/fnm/node-versions/v16.14.2/installation/lib/node_modules/typescript/lib/typesmap.json
[10:38:47.761] Processing cache location '/Users/azer/Library/Caches/typescript/4.8'
[10:38:47.761] Trying to find '/Users/azer/Library/Caches/typescript/4.8/package.json'...
[10:38:47.763] Loaded content of '/Users/azer/Library/Caches/typescript/4.8/package.json': {"private":true,"dependencies":{"types-registry":"^0.1.617"},"devDependencies":{"@types/aria-query":"^5.0.0","@types/babel__core":"^7.1.19","@types/brace-expansion":"^1.1.0","@types/customize-cra":"^1.0.3","@types/debug":"^4.1.7","@types/electron-devtools-installer":"^2.2.2","@types/express":"^4.17.14","@types/fs-extra":"^9.0.13","@types/minimatch":"^5.1.2","@types/npmlog":"^4.1.4","@types/phoenix":"^1.5.4","@types/phoenix_live_view":"^0.15.1","@types/prettier":"^2.7.1","@types/prop-types":"^15.7.5","@types/react":"^18.0.25","@types/react-dom":"^18.0.8","@types/react-redux":"^7.1.24","@types/react-router-dom":"^5.3.3","@types/redux-logger":"^3.0.9","@types/semver":"^7.3.12","@types/testing-library__jest-dom":"^5.14.5","@types/unist":"^2.0.6","@types/uuid":"^8.3.4","@types/wait-on":"^5.3.1","@types/webpack":"^5.28.0"}}
[10:38:47.763] Loaded content of '/Users/azer/Library/Caches/typescript/4.8/package-lock.json'
[10:38:47.771] Adding entry into typings cache: 'aria-query' => '/Users/azer/Library/Caches/typescript/4.8/node_modules/@types/aria-query/index.d.ts'
[10:38:47.773] Adding entry into typings cache: 'babel__core' => '/Users/azer/Library/Caches/typescript/4.8/node_modules/@types/babel__core/index.d.ts'
[10:38:47.774] Adding entry into typings cache: 'brace-expansion' => '/Users/azer/Library/Caches/typescript/4.8/node_modules/@types/brace-expansion/index.d.ts'
[10:38:47.776] Adding entry into typings cache: 'customize-cra' => '/Users/azer/Library/Caches/typescript/4.8/node_modules/@types/customize-cra/index.d.ts'
[10:38:47.777] Adding entry into typings cache: 'debug' => '/Users/azer/Library/Caches/typescript/4.8/node_modules/@types/debug/index.d.ts'
[10:38:47.779] Adding entry into typings cache: 'electron-devtools-installer' => '/Users/azer/Library/Caches/typescript/4.8/node_modules/@types/electron-devtools-installer/index.d.ts'
[10:38:47.780] Adding entry into typings cache: 'express' => '/Users/azer/Library/Caches/typescript/4.8/node_modules/@types/express/index.d.ts'
[10:38:47.781] Adding entry into typings cache: 'fs-extra' => '/Users/azer/Library/Caches/typescript/4.8/node_modules/@types/fs-extra/index.d.ts'
[10:38:47.783] Adding entry into typings cache: 'minimatch' => '/Users/azer/Library/Caches/typescript/4.8/node_modules/@types/minimatch/index.d.ts'
[10:38:47.784] Adding entry into typings cache: 'npmlog' => '/Users/azer/Library/Caches/typescript/4.8/node_modules/@types/npmlog/index.d.ts'
[10:38:47.786] Adding entry into typings cache: 'phoenix' => '/Users/azer/Library/Caches/typescript/4.8/node_modules/@types/phoenix/index.d.ts'
[10:38:47.786] Adding entry into typings cache: 'phoenix_live_view' => '/Users/azer/Library/Caches/typescript/4.8/node_modules/@types/phoenix_live_view/index.d.ts'
[10:38:47.789] Adding entry into typings cache: 'prettier' => '/Users/azer/Library/Caches/typescript/4.8/node_modules/@types/prettier/index.d.ts'
[10:38:47.790] Adding entry into typings cache: 'prop-types' => '/Users/azer/Library/Caches/typescript/4.8/node_modules/@types/prop-types/index.d.ts'
[10:38:47.791] Adding entry into typings cache: 'react' => '/Users/azer/Library/Caches/typescript/4.8/node_modules/@types/react/index.d.ts'
[10:38:47.793] Adding entry into typings cache: 'react-dom' => '/Users/azer/Library/Caches/typescript/4.8/node_modules/@types/react-dom/index.d.ts'
[10:38:47.795] Adding entry into typings cache: 'react-redux' => '/Users/azer/Library/Caches/typescript/4.8/node_modules/@types/react-redux/index.d.ts'
[10:38:47.797] Adding entry into typings cache: 'react-router-dom' => '/Users/azer/Library/Caches/typescript/4.8/node_modules/@types/react-router-dom/index.d.ts'
[10:38:47.798] Adding entry into typings cache: 'redux-logger' => '/Users/azer/Library/Caches/typescript/4.8/node_modules/@types/redux-logger/index.d.ts'
[10:38:47.799] Adding entry into typings cache: 'semver' => '/Users/azer/Library/Caches/typescript/4.8/node_modules/@types/semver/index.d.ts'
[10:38:47.799] Adding entry into typings cache: 'testing-library__jest-dom' => '/Users/azer/Library/Caches/typescript/4.8/node_modules/@types/testing-library__jest-dom/index.d.ts'
[10:38:47.800] Adding entry into typings cache: 'unist' => '/Users/azer/Library/Caches/typescript/4.8/node_modules/@types/unist/index.d.ts'
[10:38:47.801] Adding entry into typings cache: 'uuid' => '/Users/azer/Library/Caches/typescript/4.8/node_modules/@types/uuid/index.d.ts'
[10:38:47.801] Adding entry into typings cache: 'wait-on' => '/Users/azer/Library/Caches/typescript/4.8/node_modules/@types/wait-on/index.d.ts'
[10:38:47.805] Adding entry into typings cache: 'webpack' => '/Users/azer/Library/Caches/typescript/4.8/node_modules/webpack/types.d.ts'
[10:38:47.805] Finished processing cache location '/Users/azer/Library/Caches/typescript/4.8'
[10:38:47.805] Process id: 12643
[10:38:47.805] NPM location: "/Users/azer/Library/Application Support/fnm/node-versions/v16.14.2/installation/bin/npm" (explicit '--npmLocation' not  provided)
[10:38:47.805] validateDefaultNpmLocation: false
[10:38:47.805] Npm config file: /Users/azer/Library/Caches/typescript/4.8/package.json
[10:38:47.806] Updating types-registry npm package...
[10:38:47.806] Exec: "/Users/azer/Library/Application Support/fnm/node-versions/v16.14.2/installation/bin/npm" install --ignore-scripts types-registry@latest
[10:38:48.523]     Succeeded. stdout:
    
    changed 1 package, and audited 187 packages in 581ms

13 packages are looking for funding
  run `npm fund` for details

found 0 vulnerabilities

[10:38:48.523] Updated types-registry npm package
[14:46:26.653] Got install request {"projectName":"/dev/null/inferredProject1*","fileNames":[],"compilerOptions":{"module":1,"target":3,"jsx":1,"allowJs":true,"allowSyntheticDefaultImports":true,"allowNonTsExtensions":true,"noEmitForJsFiles":true},"typeAcquisition":{"enable":true,"include":[],"exclude":[]},"unresolvedImports":[],"projectRootPath":"/Users/azer/code/bafa/assets/js/features/Room","kind":"discover"}
[14:46:26.668] Loaded safelist from types map file '/users/azer/library/application support/fnm/node-versions/v16.14.2/installation/lib/node_modules/typescript/lib/typesmap.json'
[14:46:26.669] Explicitly included types: []
[14:46:26.669] Inferred typings from unresolved imports: []
[14:46:26.669] Result: {"cachedTypingPaths":[],"newTypingNames":[],"filesToWatch":["/Users/azer/code/bafa/assets/js/features/Room/bower_components","/Users/azer/code/bafa/assets/js/features/Room/node_modules"]}
[14:46:26.669] Finished typings discovery: {"cachedTypingPaths":[],"newTypingNames":[],"filesToWatch":["/Users/azer/code/bafa/assets/js/features/Room/bower_components","/Users/azer/code/bafa/assets/js/features/Room/node_modules"]}
[14:46:26.669] DirectoryWatcher:: Added:: WatchInfo: /Users/azer/code/bafa/assets/js/features/Room/bower_components
[14:46:26.670] DirectoryWatcher:: Added:: WatchInfo: /Users/azer/code/bafa/assets/js/features/Room/bower_components 1 undefined Project: /dev/null/inferredProject1* watcher already invoked: false
[14:46:26.671] Elapsed:: 0.7022495269775391ms DirectoryWatcher:: Added:: WatchInfo: /Users/azer/code/bafa/assets/js/features/Room/bower_components 1 undefined Project: /dev/null/inferredProject1* watcher already invoked: false
[14:46:26.671] DirectoryWatcher:: Added:: WatchInfo: /Users/azer/code/bafa/assets/js/features/Room/node_modules
[14:46:26.671] DirectoryWatcher:: Added:: WatchInfo: /Users/azer/code/bafa/assets/js/features/Room/node_modules 1 undefined Project: /dev/null/inferredProject1* watcher already invoked: false
[14:46:26.671] Elapsed:: 0.04929065704345703ms DirectoryWatcher:: Added:: WatchInfo: /Users/azer/code/bafa/assets/js/features/Room/node_modules 1 undefined Project: /dev/null/inferredProject1* watcher already invoked: false
[14:46:26.671] Sending response:
    {"projectName":"/dev/null/inferredProject1*","typeAcquisition":{"enable":true,"include":[],"exclude":[]},"compilerOptions":{"module":1,"target":3,"jsx":1,"allowJs":true,"allowSyntheticDefaultImports":true,"allowNonTsExtensions":true,"noEmitForJsFiles":true},"typings":[],"unresolvedImports":[],"kind":"action::set"}
[14:46:26.671] Response has been sent.
[14:46:26.671] No new typings were requested as a result of typings discovery
[23:20:18.117] Got install request {"projectName":"/dev/null/inferredProject2*","fileNames":[],"compilerOptions":{"module":1,"target":3,"jsx":1,"allowJs":true,"allowSyntheticDefaultImports":true,"allowNonTsExtensions":true,"noEmitForJsFiles":true},"typeAcquisition":{"enable":true,"include":[],"exclude":[]},"unresolvedImports":[],"projectRootPath":"/Users/azer/code/bafa/assets/js/features/UserSocket","kind":"discover"}
[23:20:18.119] Explicitly included types: []
[23:20:18.120] Inferred typings from unresolved imports: []
[23:20:18.120] Result: {"cachedTypingPaths":[],"newTypingNames":[],"filesToWatch":["/Users/azer/code/bafa/assets/js/features/UserSocket/bower_components","/Users/azer/code/bafa/assets/js/features/UserSocket/node_modules"]}
[23:20:18.120] Finished typings discovery: {"cachedTypingPaths":[],"newTypingNames":[],"filesToWatch":["/Users/azer/code/bafa/assets/js/features/UserSocket/bower_components","/Users/azer/code/bafa/assets/js/features/UserSocket/node_modules"]}
[23:20:18.121] DirectoryWatcher:: Added:: WatchInfo: /Users/azer/code/bafa/assets/js/features/UserSocket/bower_components
[23:20:18.121] DirectoryWatcher:: Added:: WatchInfo: /Users/azer/code/bafa/assets/js/features/UserSocket/bower_components 1 undefined Project: /dev/null/inferredProject2* watcher already invoked: false
[23:20:18.122] Elapsed:: 0.5574579238891602ms DirectoryWatcher:: Added:: WatchInfo: /Users/azer/code/bafa/assets/js/features/UserSocket/bower_components 1 undefined Project: /dev/null/inferredProject2* watcher already invoked: false
[23:20:18.122] DirectoryWatcher:: Added:: WatchInfo: /Users/azer/code/bafa/assets/js/features/UserSocket/node_modules
[23:20:18.123] DirectoryWatcher:: Added:: WatchInfo: /Users/azer/code/bafa/assets/js/features/UserSocket/node_modules 1 undefined Project: /dev/null/inferredProject2* watcher already invoked: false
[23:20:18.123] Elapsed:: 0.10220813751220703ms DirectoryWatcher:: Added:: WatchInfo: /Users/azer/code/bafa/assets/js/features/UserSocket/node_modules 1 undefined Project: /dev/null/inferredProject2* watcher already invoked: false
[23:20:18.123] Sending response:
    {"projectName":"/dev/null/inferredProject2*","typeAcquisition":{"enable":true,"include":[],"exclude":[]},"compilerOptions":{"module":1,"target":3,"jsx":1,"allowJs":true,"allowSyntheticDefaultImports":true,"allowNonTsExtensions":true,"noEmitForJsFiles":true},"typings":[],"unresolvedImports":[],"kind":"action::set"}
[23:20:18.123] Response has been sent.
[23:20:18.123] No new typings were requested as a result of typings discovery
[23:20:18.124] Got install request {"projectName":"/dev/null/inferredProject11*","fileNames":[],"compilerOptions":{"module":1,"target":3,"jsx":1,"allowJs":true,"allowSyntheticDefaultImports":true,"allowNonTsExtensions":true,"noEmitForJsFiles":true},"typeAcquisition":{"enable":true,"include":[],"exclude":[]},"unresolvedImports":[],"projectRootPath":"/Users/azer/code/bafa/assets/js/features/Sidebar","kind":"discover"}
[23:20:18.124] Explicitly included types: []
[23:20:18.124] Inferred typings from unresolved imports: []
[23:20:18.124] Result: {"cachedTypingPaths":[],"newTypingNames":[],"filesToWatch":["/Users/azer/code/bafa/assets/js/features/Sidebar/bower_components","/Users/azer/code/bafa/assets/js/features/Sidebar/node_modules"]}
[23:20:18.124] Finished typings discovery: {"cachedTypingPaths":[],"newTypingNames":[],"filesToWatch":["/Users/azer/code/bafa/assets/js/features/Sidebar/bower_components","/Users/azer/code/bafa/assets/js/features/Sidebar/node_modules"]}
[23:20:18.124] DirectoryWatcher:: Added:: WatchInfo: /Users/azer/code/bafa/assets/js/features/Sidebar/bower_components
[23:20:18.125] DirectoryWatcher:: Added:: WatchInfo: /Users/azer/code/bafa/assets/js/features/Sidebar/bower_components 1 undefined Project: /dev/null/inferredProject11* watcher already invoked: false
[23:20:18.125] Elapsed:: 0.09858322143554688ms DirectoryWatcher:: Added:: WatchInfo: /Users/azer/code/bafa/assets/js/features/Sidebar/bower_components 1 undefined Project: /dev/null/inferredProject11* watcher already invoked: false
[23:20:18.125] DirectoryWatcher:: Added:: WatchInfo: /Users/azer/code/bafa/assets/js/features/Sidebar/node_modules
[23:20:18.125] DirectoryWatcher:: Added:: WatchInfo: /Users/azer/code/bafa/assets/js/features/Sidebar/node_modules 1 undefined Project: /dev/null/inferredProject11* watcher already invoked: false
[23:20:18.125] Elapsed:: 0.06491565704345703ms DirectoryWatcher:: Added:: WatchInfo: /Users/azer/code/bafa/assets/js/features/Sidebar/node_modules 1 undefined Project: /dev/null/inferredProject11* watcher already invoked: false
[23:20:18.125] Sending response:
    {"projectName":"/dev/null/inferredProject11*","typeAcquisition":{"enable":true,"include":[],"exclude":[]},"compilerOptions":{"module":1,"target":3,"jsx":1,"allowJs":true,"allowSyntheticDefaultImports":true,"allowNonTsExtensions":true,"noEmitForJsFiles":true},"typings":[],"unresolvedImports":[],"kind":"action::set"}
[23:20:18.125] Response has been sent.
[23:20:18.125] No new typings were requested as a result of typings discovery
