[12:06:38.316] Global cache location '/Users/azer/Library/Caches/typescript/4.8', safe file path '/users/azer/library/application support/fnm/node-versions/v16.14.2/installation/lib/node_modules/typescript/lib/typingsafelist.json', types map path /users/azer/library/application support/fnm/node-versions/v16.14.2/installation/lib/node_modules/typescript/lib/typesmap.json
[12:06:38.317] Processing cache location '/Users/azer/Library/Caches/typescript/4.8'
[12:06:38.317] Trying to find '/Users/azer/Library/Caches/typescript/4.8/package.json'...
[12:06:38.319] Loaded content of '/Users/azer/Library/Caches/typescript/4.8/package.json': {"private":true,"dependencies":{"types-registry":"^0.1.619"},"devDependencies":{"@types/aria-query":"^5.0.0","@types/babel__core":"^7.1.19","@types/brace-expansion":"^1.1.0","@types/customize-cra":"^1.0.3","@types/debug":"^4.1.7","@types/electron-devtools-installer":"^2.2.2","@types/express":"^4.17.14","@types/fs-extra":"^9.0.13","@types/minimatch":"^5.1.2","@types/npmlog":"^4.1.4","@types/phoenix":"^1.5.4","@types/phoenix_live_view":"^0.15.1","@types/prettier":"^2.7.1","@types/prop-types":"^15.7.5","@types/react":"^18.0.25","@types/react-dom":"^18.0.9","@types/react-redux":"^7.1.24","@types/react-router-dom":"^5.3.3","@types/redux-logger":"^3.0.9","@types/semver":"^7.3.12","@types/testing-library__jest-dom":"^5.14.5","@types/unist":"^2.0.6","@types/uuid":"^8.3.4","@types/wait-on":"^5.3.1","@types/webpack":"^5.28.0"}}
[12:06:38.319] Loaded content of '/Users/azer/Library/Caches/typescript/4.8/package-lock.json'
[12:06:38.326] Adding entry into typings cache: 'aria-query' => '/Users/azer/Library/Caches/typescript/4.8/node_modules/@types/aria-query/index.d.ts'
[12:06:38.329] Adding entry into typings cache: 'babel__core' => '/Users/azer/Library/Caches/typescript/4.8/node_modules/@types/babel__core/index.d.ts'
[12:06:38.330] Adding entry into typings cache: 'brace-expansion' => '/Users/azer/Library/Caches/typescript/4.8/node_modules/@types/brace-expansion/index.d.ts'
[12:06:38.332] Adding entry into typings cache: 'customize-cra' => '/Users/azer/Library/Caches/typescript/4.8/node_modules/@types/customize-cra/index.d.ts'
[12:06:38.333] Adding entry into typings cache: 'debug' => '/Users/azer/Library/Caches/typescript/4.8/node_modules/@types/debug/index.d.ts'
[12:06:38.334] Adding entry into typings cache: 'electron-devtools-installer' => '/Users/azer/Library/Caches/typescript/4.8/node_modules/@types/electron-devtools-installer/index.d.ts'
[12:06:38.336] Adding entry into typings cache: 'express' => '/Users/azer/Library/Caches/typescript/4.8/node_modules/@types/express/index.d.ts'
[12:06:38.337] Adding entry into typings cache: 'fs-extra' => '/Users/azer/Library/Caches/typescript/4.8/node_modules/@types/fs-extra/index.d.ts'
[12:06:38.338] Adding entry into typings cache: 'minimatch' => '/Users/azer/Library/Caches/typescript/4.8/node_modules/@types/minimatch/index.d.ts'
[12:06:38.339] Adding entry into typings cache: 'npmlog' => '/Users/azer/Library/Caches/typescript/4.8/node_modules/@types/npmlog/index.d.ts'
[12:06:38.341] Adding entry into typings cache: 'phoenix' => '/Users/azer/Library/Caches/typescript/4.8/node_modules/@types/phoenix/index.d.ts'
[12:06:38.341] Adding entry into typings cache: 'phoenix_live_view' => '/Users/azer/Library/Caches/typescript/4.8/node_modules/@types/phoenix_live_view/index.d.ts'
[12:06:38.344] Adding entry into typings cache: 'prettier' => '/Users/azer/Library/Caches/typescript/4.8/node_modules/@types/prettier/index.d.ts'
[12:06:38.345] Adding entry into typings cache: 'prop-types' => '/Users/azer/Library/Caches/typescript/4.8/node_modules/@types/prop-types/index.d.ts'
[12:06:38.346] Adding entry into typings cache: 'react' => '/Users/azer/Library/Caches/typescript/4.8/node_modules/@types/react/index.d.ts'
[12:06:38.347] Adding entry into typings cache: 'react-dom' => '/Users/azer/Library/Caches/typescript/4.8/node_modules/@types/react-dom/index.d.ts'
[12:06:38.349] Adding entry into typings cache: 'react-redux' => '/Users/azer/Library/Caches/typescript/4.8/node_modules/@types/react-redux/index.d.ts'
[12:06:38.351] Adding entry into typings cache: 'react-router-dom' => '/Users/azer/Library/Caches/typescript/4.8/node_modules/@types/react-router-dom/index.d.ts'
[12:06:38.352] Adding entry into typings cache: 'redux-logger' => '/Users/azer/Library/Caches/typescript/4.8/node_modules/@types/redux-logger/index.d.ts'
[12:06:38.353] Adding entry into typings cache: 'semver' => '/Users/azer/Library/Caches/typescript/4.8/node_modules/@types/semver/index.d.ts'
[12:06:38.354] Adding entry into typings cache: 'testing-library__jest-dom' => '/Users/azer/Library/Caches/typescript/4.8/node_modules/@types/testing-library__jest-dom/index.d.ts'
[12:06:38.354] Adding entry into typings cache: 'unist' => '/Users/azer/Library/Caches/typescript/4.8/node_modules/@types/unist/index.d.ts'
[12:06:38.355] Adding entry into typings cache: 'uuid' => '/Users/azer/Library/Caches/typescript/4.8/node_modules/@types/uuid/index.d.ts'
[12:06:38.356] Adding entry into typings cache: 'wait-on' => '/Users/azer/Library/Caches/typescript/4.8/node_modules/@types/wait-on/index.d.ts'
[12:06:38.358] Adding entry into typings cache: 'webpack' => '/Users/azer/Library/Caches/typescript/4.8/node_modules/webpack/types.d.ts'
[12:06:38.358] Finished processing cache location '/Users/azer/Library/Caches/typescript/4.8'
[12:06:38.359] Process id: 24141
[12:06:38.359] NPM location: "/Users/azer/Library/Application Support/fnm/node-versions/v16.14.2/installation/bin/npm" (explicit '--npmLocation' not  provided)
[12:06:38.359] validateDefaultNpmLocation: false
[12:06:38.359] Npm config file: /Users/azer/Library/Caches/typescript/4.8/package.json
[12:06:38.359] Updating types-registry npm package...
[12:06:38.359] Exec: "/Users/azer/Library/Application Support/fnm/node-versions/v16.14.2/installation/bin/npm" install --ignore-scripts types-registry@latest
[12:06:39.047]     Succeeded. stdout:
    
    up to date, audited 187 packages in 553ms

13 packages are looking for funding
  run `npm fund` for details

found 0 vulnerabilities

[12:06:39.047] Updated types-registry npm package
[16:00:01.949] Got install request {"projectName":"/dev/null/inferredProject1*","fileNames":[],"compilerOptions":{"module":1,"target":3,"jsx":1,"allowJs":true,"allowSyntheticDefaultImports":true,"allowNonTsExtensions":true,"noEmitForJsFiles":true},"typeAcquisition":{"enable":true,"include":[],"exclude":[]},"unresolvedImports":[],"projectRootPath":"/Users/azer/code/bafa/assets/js/features/Status","kind":"discover"}
[16:00:01.958] Loaded safelist from types map file '/users/azer/library/application support/fnm/node-versions/v16.14.2/installation/lib/node_modules/typescript/lib/typesmap.json'
[16:00:01.958] Explicitly included types: []
[16:00:01.959] Inferred typings from unresolved imports: []
[16:00:01.959] Result: {"cachedTypingPaths":[],"newTypingNames":[],"filesToWatch":["/Users/azer/code/bafa/assets/js/features/Status/bower_components","/Users/azer/code/bafa/assets/js/features/Status/node_modules"]}
[16:00:01.959] Finished typings discovery: {"cachedTypingPaths":[],"newTypingNames":[],"filesToWatch":["/Users/azer/code/bafa/assets/js/features/Status/bower_components","/Users/azer/code/bafa/assets/js/features/Status/node_modules"]}
[16:00:01.959] DirectoryWatcher:: Added:: WatchInfo: /Users/azer/code/bafa/assets/js/features/Status/bower_components
[16:00:01.959] DirectoryWatcher:: Added:: WatchInfo: /Users/azer/code/bafa/assets/js/features/Status/bower_components 1 undefined Project: /dev/null/inferredProject1* watcher already invoked: false
[16:00:01.960] Elapsed:: 0.49633312225341797ms DirectoryWatcher:: Added:: WatchInfo: /Users/azer/code/bafa/assets/js/features/Status/bower_components 1 undefined Project: /dev/null/inferredProject1* watcher already invoked: false
[16:00:01.960] DirectoryWatcher:: Added:: WatchInfo: /Users/azer/code/bafa/assets/js/features/Status/node_modules
[16:00:01.960] DirectoryWatcher:: Added:: WatchInfo: /Users/azer/code/bafa/assets/js/features/Status/node_modules 1 undefined Project: /dev/null/inferredProject1* watcher already invoked: false
[16:00:01.960] Elapsed:: 0.06337451934814453ms DirectoryWatcher:: Added:: WatchInfo: /Users/azer/code/bafa/assets/js/features/Status/node_modules 1 undefined Project: /dev/null/inferredProject1* watcher already invoked: false
[16:00:01.960] Sending response:
    {"projectName":"/dev/null/inferredProject1*","typeAcquisition":{"enable":true,"include":[],"exclude":[]},"compilerOptions":{"module":1,"target":3,"jsx":1,"allowJs":true,"allowSyntheticDefaultImports":true,"allowNonTsExtensions":true,"noEmitForJsFiles":true},"typings":[],"unresolvedImports":[],"kind":"action::set"}
[16:00:01.961] Response has been sent.
[16:00:01.961] No new typings were requested as a result of typings discovery
[17:23:01.345] Got install request {"projectName":"/dev/null/inferredProject2*","fileNames":[],"compilerOptions":{"module":1,"target":3,"jsx":1,"allowJs":true,"allowSyntheticDefaultImports":true,"allowNonTsExtensions":true,"noEmitForJsFiles":true},"typeAcquisition":{"enable":true,"include":[],"exclude":[]},"unresolvedImports":[],"projectRootPath":"/Users/azer/code/bafa/assets/js/features/Status","kind":"discover"}
[17:23:01.347] Explicitly included types: []
[17:23:01.348] Inferred typings from unresolved imports: []
[17:23:01.348] Result: {"cachedTypingPaths":[],"newTypingNames":[],"filesToWatch":["/Users/azer/code/bafa/assets/js/features/Status/bower_components","/Users/azer/code/bafa/assets/js/features/Status/node_modules"]}
[17:23:01.348] Finished typings discovery: {"cachedTypingPaths":[],"newTypingNames":[],"filesToWatch":["/Users/azer/code/bafa/assets/js/features/Status/bower_components","/Users/azer/code/bafa/assets/js/features/Status/node_modules"]}
[17:23:01.348] DirectoryWatcher:: Added:: WatchInfo: /Users/azer/code/bafa/assets/js/features/Status/bower_components
[17:23:01.348] DirectoryWatcher:: Added:: WatchInfo: /Users/azer/code/bafa/assets/js/features/Status/bower_components 1 undefined Project: /dev/null/inferredProject2* watcher already invoked: false
[17:23:01.348] Elapsed:: 0.04512500762939453ms DirectoryWatcher:: Added:: WatchInfo: /Users/azer/code/bafa/assets/js/features/Status/bower_components 1 undefined Project: /dev/null/inferredProject2* watcher already invoked: false
[17:23:01.348] DirectoryWatcher:: Added:: WatchInfo: /Users/azer/code/bafa/assets/js/features/Status/node_modules
[17:23:01.348] DirectoryWatcher:: Added:: WatchInfo: /Users/azer/code/bafa/assets/js/features/Status/node_modules 1 undefined Project: /dev/null/inferredProject2* watcher already invoked: false
[17:23:01.349] Elapsed:: 0.020999908447265625ms DirectoryWatcher:: Added:: WatchInfo: /Users/azer/code/bafa/assets/js/features/Status/node_modules 1 undefined Project: /dev/null/inferredProject2* watcher already invoked: false
[17:23:01.349] Sending response:
    {"projectName":"/dev/null/inferredProject2*","typeAcquisition":{"enable":true,"include":[],"exclude":[]},"compilerOptions":{"module":1,"target":3,"jsx":1,"allowJs":true,"allowSyntheticDefaultImports":true,"allowNonTsExtensions":true,"noEmitForJsFiles":true},"typings":[],"unresolvedImports":[],"kind":"action::set"}
[17:23:01.349] Response has been sent.
[17:23:01.349] No new typings were requested as a result of typings discovery
[12:34:44.400] Got install request {"projectName":"/dev/null/inferredProject9*","fileNames":[],"compilerOptions":{"module":1,"target":3,"jsx":1,"allowJs":true,"allowSyntheticDefaultImports":true,"allowNonTsExtensions":true,"noEmitForJsFiles":true},"typeAcquisition":{"enable":true,"include":[],"exclude":[]},"unresolvedImports":[],"projectRootPath":"/Users/azer/code/bafa/assets/js/features/Status","kind":"discover"}
[12:34:44.401] Explicitly included types: []
[12:34:44.402] Inferred typings from unresolved imports: []
[12:34:44.402] Result: {"cachedTypingPaths":[],"newTypingNames":[],"filesToWatch":["/Users/azer/code/bafa/assets/js/features/Status/bower_components","/Users/azer/code/bafa/assets/js/features/Status/node_modules"]}
[12:34:44.402] Finished typings discovery: {"cachedTypingPaths":[],"newTypingNames":[],"filesToWatch":["/Users/azer/code/bafa/assets/js/features/Status/bower_components","/Users/azer/code/bafa/assets/js/features/Status/node_modules"]}
[12:34:44.402] DirectoryWatcher:: Added:: WatchInfo: /Users/azer/code/bafa/assets/js/features/Status/bower_components
[12:34:44.402] DirectoryWatcher:: Added:: WatchInfo: /Users/azer/code/bafa/assets/js/features/Status/bower_components 1 undefined Project: /dev/null/inferredProject9* watcher already invoked: false
[12:34:44.402] Elapsed:: 0.06870841979980469ms DirectoryWatcher:: Added:: WatchInfo: /Users/azer/code/bafa/assets/js/features/Status/bower_components 1 undefined Project: /dev/null/inferredProject9* watcher already invoked: false
[12:34:44.402] DirectoryWatcher:: Added:: WatchInfo: /Users/azer/code/bafa/assets/js/features/Status/node_modules
[12:34:44.402] DirectoryWatcher:: Added:: WatchInfo: /Users/azer/code/bafa/assets/js/features/Status/node_modules 1 undefined Project: /dev/null/inferredProject9* watcher already invoked: false
[12:34:44.403] Elapsed:: 0.017499923706054688ms DirectoryWatcher:: Added:: WatchInfo: /Users/azer/code/bafa/assets/js/features/Status/node_modules 1 undefined Project: /dev/null/inferredProject9* watcher already invoked: false
[12:34:44.403] Sending response:
    {"projectName":"/dev/null/inferredProject9*","typeAcquisition":{"enable":true,"include":[],"exclude":[]},"compilerOptions":{"module":1,"target":3,"jsx":1,"allowJs":true,"allowSyntheticDefaultImports":true,"allowNonTsExtensions":true,"noEmitForJsFiles":true},"typings":[],"unresolvedImports":[],"kind":"action::set"}
[12:34:44.403] Response has been sent.
[12:34:44.403] No new typings were requested as a result of typings discovery
[13:01:09.653] Got install request {"projectName":"/dev/null/inferredProject14*","fileNames":[],"compilerOptions":{"module":1,"target":3,"jsx":1,"allowJs":true,"allowSyntheticDefaultImports":true,"allowNonTsExtensions":true,"noEmitForJsFiles":true},"typeAcquisition":{"enable":true,"include":[],"exclude":[]},"unresolvedImports":[],"projectRootPath":"/Users/azer/code/bafa/assets/js/features/CommandRegistry","kind":"discover"}
[13:01:09.656] Explicitly included types: []
[13:01:09.656] Inferred typings from unresolved imports: []
[13:01:09.657] Result: {"cachedTypingPaths":[],"newTypingNames":[],"filesToWatch":["/Users/azer/code/bafa/assets/js/features/CommandRegistry/bower_components","/Users/azer/code/bafa/assets/js/features/CommandRegistry/node_modules"]}
[13:01:09.657] Finished typings discovery: {"cachedTypingPaths":[],"newTypingNames":[],"filesToWatch":["/Users/azer/code/bafa/assets/js/features/CommandRegistry/bower_components","/Users/azer/code/bafa/assets/js/features/CommandRegistry/node_modules"]}
[13:01:09.657] DirectoryWatcher:: Added:: WatchInfo: /Users/azer/code/bafa/assets/js/features/CommandRegistry/bower_components
[13:01:09.657] DirectoryWatcher:: Added:: WatchInfo: /Users/azer/code/bafa/assets/js/features/CommandRegistry/bower_components 1 undefined Project: /dev/null/inferredProject14* watcher already invoked: false
[13:01:09.658] Elapsed:: 0.3601665496826172ms DirectoryWatcher:: Added:: WatchInfo: /Users/azer/code/bafa/assets/js/features/CommandRegistry/bower_components 1 undefined Project: /dev/null/inferredProject14* watcher already invoked: false
[13:01:09.658] DirectoryWatcher:: Added:: WatchInfo: /Users/azer/code/bafa/assets/js/features/CommandRegistry/node_modules
[13:01:09.658] DirectoryWatcher:: Added:: WatchInfo: /Users/azer/code/bafa/assets/js/features/CommandRegistry/node_modules 1 undefined Project: /dev/null/inferredProject14* watcher already invoked: false
[13:01:09.658] Elapsed:: 0.0753335952758789ms DirectoryWatcher:: Added:: WatchInfo: /Users/azer/code/bafa/assets/js/features/CommandRegistry/node_modules 1 undefined Project: /dev/null/inferredProject14* watcher already invoked: false
[13:01:09.658] Sending response:
    {"projectName":"/dev/null/inferredProject14*","typeAcquisition":{"enable":true,"include":[],"exclude":[]},"compilerOptions":{"module":1,"target":3,"jsx":1,"allowJs":true,"allowSyntheticDefaultImports":true,"allowNonTsExtensions":true,"noEmitForJsFiles":true},"typings":[],"unresolvedImports":[],"kind":"action::set"}
[13:01:09.659] Response has been sent.
[13:01:09.659] No new typings were requested as a result of typings discovery
[13:01:20.035] Got install request {"projectName":"/dev/null/inferredProject13*","fileNames":[],"compilerOptions":{"module":1,"target":3,"jsx":1,"allowJs":true,"allowSyntheticDefaultImports":true,"allowNonTsExtensions":true,"noEmitForJsFiles":true},"typeAcquisition":{"enable":true,"include":[],"exclude":[]},"unresolvedImports":[],"projectRootPath":"/Users/azer/code/bafa/assets/js/features/CommandPalette","kind":"discover"}
[13:01:20.035] Explicitly included types: []
[13:01:20.036] Inferred typings from unresolved imports: []
[13:01:20.036] Result: {"cachedTypingPaths":[],"newTypingNames":[],"filesToWatch":["/Users/azer/code/bafa/assets/js/features/CommandPalette/bower_components","/Users/azer/code/bafa/assets/js/features/CommandPalette/node_modules"]}
[13:01:20.036] Finished typings discovery: {"cachedTypingPaths":[],"newTypingNames":[],"filesToWatch":["/Users/azer/code/bafa/assets/js/features/CommandPalette/bower_components","/Users/azer/code/bafa/assets/js/features/CommandPalette/node_modules"]}
[13:01:20.036] DirectoryWatcher:: Added:: WatchInfo: /Users/azer/code/bafa/assets/js/features/CommandPalette/bower_components
[13:01:20.036] DirectoryWatcher:: Added:: WatchInfo: /Users/azer/code/bafa/assets/js/features/CommandPalette/bower_components 1 undefined Project: /dev/null/inferredProject13* watcher already invoked: false
[13:01:20.037] Elapsed:: 0.24962520599365234ms DirectoryWatcher:: Added:: WatchInfo: /Users/azer/code/bafa/assets/js/features/CommandPalette/bower_components 1 undefined Project: /dev/null/inferredProject13* watcher already invoked: false
[13:01:20.037] DirectoryWatcher:: Added:: WatchInfo: /Users/azer/code/bafa/assets/js/features/CommandPalette/node_modules
[13:01:20.037] DirectoryWatcher:: Added:: WatchInfo: /Users/azer/code/bafa/assets/js/features/CommandPalette/node_modules 1 undefined Project: /dev/null/inferredProject13* watcher already invoked: false
[13:01:20.037] Elapsed:: 0.038249969482421875ms DirectoryWatcher:: Added:: WatchInfo: /Users/azer/code/bafa/assets/js/features/CommandPalette/node_modules 1 undefined Project: /dev/null/inferredProject13* watcher already invoked: false
[13:01:20.037] Sending response:
    {"projectName":"/dev/null/inferredProject13*","typeAcquisition":{"enable":true,"include":[],"exclude":[]},"compilerOptions":{"module":1,"target":3,"jsx":1,"allowJs":true,"allowSyntheticDefaultImports":true,"allowNonTsExtensions":true,"noEmitForJsFiles":true},"typings":[],"unresolvedImports":[],"kind":"action::set"}
[13:01:20.037] Response has been sent.
[13:01:20.037] No new typings were requested as a result of typings discovery
