[13:43:38.608] Global cache location '/Users/azer/Library/Caches/typescript/4.8', safe file path '/users/azer/library/application support/fnm/node-versions/v16.14.2/installation/lib/node_modules/typescript/lib/typingsafelist.json', types map path /users/azer/library/application support/fnm/node-versions/v16.14.2/installation/lib/node_modules/typescript/lib/typesmap.json
[13:43:38.609] Processing cache location '/Users/azer/Library/Caches/typescript/4.8'
[13:43:38.609] Trying to find '/Users/azer/Library/Caches/typescript/4.8/package.json'...
[13:43:38.611] Loaded content of '/Users/azer/Library/Caches/typescript/4.8/package.json': {"private":true,"dependencies":{"types-registry":"^0.1.619"},"devDependencies":{"@types/aria-query":"^5.0.0","@types/babel__core":"^7.1.19","@types/brace-expansion":"^1.1.0","@types/customize-cra":"^1.0.3","@types/debug":"^4.1.7","@types/electron-devtools-installer":"^2.2.2","@types/express":"^4.17.14","@types/fs-extra":"^9.0.13","@types/minimatch":"^5.1.2","@types/npmlog":"^4.1.4","@types/phoenix":"^1.5.4","@types/phoenix_live_view":"^0.15.1","@types/prettier":"^2.7.1","@types/prop-types":"^15.7.5","@types/react":"^18.0.25","@types/react-dom":"^18.0.9","@types/react-redux":"^7.1.24","@types/react-router-dom":"^5.3.3","@types/redux-logger":"^3.0.9","@types/semver":"^7.3.12","@types/testing-library__jest-dom":"^5.14.5","@types/unist":"^2.0.6","@types/uuid":"^8.3.4","@types/wait-on":"^5.3.1","@types/webpack":"^5.28.0"}}
[13:43:38.611] Loaded content of '/Users/azer/Library/Caches/typescript/4.8/package-lock.json'
[13:43:38.618] Adding entry into typings cache: 'aria-query' => '/Users/azer/Library/Caches/typescript/4.8/node_modules/@types/aria-query/index.d.ts'
[13:43:38.621] Adding entry into typings cache: 'babel__core' => '/Users/azer/Library/Caches/typescript/4.8/node_modules/@types/babel__core/index.d.ts'
[13:43:38.622] Adding entry into typings cache: 'brace-expansion' => '/Users/azer/Library/Caches/typescript/4.8/node_modules/@types/brace-expansion/index.d.ts'
[13:43:38.623] Adding entry into typings cache: 'customize-cra' => '/Users/azer/Library/Caches/typescript/4.8/node_modules/@types/customize-cra/index.d.ts'
[13:43:38.625] Adding entry into typings cache: 'debug' => '/Users/azer/Library/Caches/typescript/4.8/node_modules/@types/debug/index.d.ts'
[13:43:38.626] Adding entry into typings cache: 'electron-devtools-installer' => '/Users/azer/Library/Caches/typescript/4.8/node_modules/@types/electron-devtools-installer/index.d.ts'
[13:43:38.627] Adding entry into typings cache: 'express' => '/Users/azer/Library/Caches/typescript/4.8/node_modules/@types/express/index.d.ts'
[13:43:38.628] Adding entry into typings cache: 'fs-extra' => '/Users/azer/Library/Caches/typescript/4.8/node_modules/@types/fs-extra/index.d.ts'
[13:43:38.629] Adding entry into typings cache: 'minimatch' => '/Users/azer/Library/Caches/typescript/4.8/node_modules/@types/minimatch/index.d.ts'
[13:43:38.630] Adding entry into typings cache: 'npmlog' => '/Users/azer/Library/Caches/typescript/4.8/node_modules/@types/npmlog/index.d.ts'
[13:43:38.631] Adding entry into typings cache: 'phoenix' => '/Users/azer/Library/Caches/typescript/4.8/node_modules/@types/phoenix/index.d.ts'
[13:43:38.632] Adding entry into typings cache: 'phoenix_live_view' => '/Users/azer/Library/Caches/typescript/4.8/node_modules/@types/phoenix_live_view/index.d.ts'
[13:43:38.634] Adding entry into typings cache: 'prettier' => '/Users/azer/Library/Caches/typescript/4.8/node_modules/@types/prettier/index.d.ts'
[13:43:38.634] Adding entry into typings cache: 'prop-types' => '/Users/azer/Library/Caches/typescript/4.8/node_modules/@types/prop-types/index.d.ts'
[13:43:38.636] Adding entry into typings cache: 'react' => '/Users/azer/Library/Caches/typescript/4.8/node_modules/@types/react/index.d.ts'
[13:43:38.637] Adding entry into typings cache: 'react-dom' => '/Users/azer/Library/Caches/typescript/4.8/node_modules/@types/react-dom/index.d.ts'
[13:43:38.639] Adding entry into typings cache: 'react-redux' => '/Users/azer/Library/Caches/typescript/4.8/node_modules/@types/react-redux/index.d.ts'
[13:43:38.641] Adding entry into typings cache: 'react-router-dom' => '/Users/azer/Library/Caches/typescript/4.8/node_modules/@types/react-router-dom/index.d.ts'
[13:43:38.642] Adding entry into typings cache: 'redux-logger' => '/Users/azer/Library/Caches/typescript/4.8/node_modules/@types/redux-logger/index.d.ts'
[13:43:38.642] Adding entry into typings cache: 'semver' => '/Users/azer/Library/Caches/typescript/4.8/node_modules/@types/semver/index.d.ts'
[13:43:38.643] Adding entry into typings cache: 'testing-library__jest-dom' => '/Users/azer/Library/Caches/typescript/4.8/node_modules/@types/testing-library__jest-dom/index.d.ts'
[13:43:38.644] Adding entry into typings cache: 'unist' => '/Users/azer/Library/Caches/typescript/4.8/node_modules/@types/unist/index.d.ts'
[13:43:38.645] Adding entry into typings cache: 'uuid' => '/Users/azer/Library/Caches/typescript/4.8/node_modules/@types/uuid/index.d.ts'
[13:43:38.645] Adding entry into typings cache: 'wait-on' => '/Users/azer/Library/Caches/typescript/4.8/node_modules/@types/wait-on/index.d.ts'
[13:43:38.648] Adding entry into typings cache: 'webpack' => '/Users/azer/Library/Caches/typescript/4.8/node_modules/webpack/types.d.ts'
[13:43:38.648] Finished processing cache location '/Users/azer/Library/Caches/typescript/4.8'
[13:43:38.648] Process id: 65326
[13:43:38.648] NPM location: "/Users/azer/Library/Application Support/fnm/node-versions/v16.14.2/installation/bin/npm" (explicit '--npmLocation' not  provided)
[13:43:38.648] validateDefaultNpmLocation: false
[13:43:38.648] Npm config file: /Users/azer/Library/Caches/typescript/4.8/package.json
[13:43:38.648] Updating types-registry npm package...
[13:43:38.648] Exec: "/Users/azer/Library/Application Support/fnm/node-versions/v16.14.2/installation/bin/npm" install --ignore-scripts types-registry@latest
[13:43:39.360]     Succeeded. stdout:
    
    up to date, audited 187 packages in 570ms

13 packages are looking for funding
  run `npm fund` for details

found 0 vulnerabilities

[13:43:39.360] Updated types-registry npm package
[14:08:46.361] Got install request {"projectName":"/dev/null/inferredProject1*","fileNames":[],"compilerOptions":{"module":1,"target":3,"jsx":1,"allowJs":true,"allowSyntheticDefaultImports":true,"allowNonTsExtensions":true,"noEmitForJsFiles":true},"typeAcquisition":{"enable":true,"include":[],"exclude":[]},"unresolvedImports":[],"projectRootPath":"/Users/azer/code/bafa/assets/js/features/CommandPalette","kind":"discover"}
[14:08:46.377] Loaded safelist from types map file '/users/azer/library/application support/fnm/node-versions/v16.14.2/installation/lib/node_modules/typescript/lib/typesmap.json'
[14:08:46.377] Explicitly included types: []
[14:08:46.377] Inferred typings from unresolved imports: []
[14:08:46.378] Result: {"cachedTypingPaths":[],"newTypingNames":[],"filesToWatch":["/Users/azer/code/bafa/assets/js/features/CommandPalette/bower_components","/Users/azer/code/bafa/assets/js/features/CommandPalette/node_modules"]}
[14:08:46.378] Finished typings discovery: {"cachedTypingPaths":[],"newTypingNames":[],"filesToWatch":["/Users/azer/code/bafa/assets/js/features/CommandPalette/bower_components","/Users/azer/code/bafa/assets/js/features/CommandPalette/node_modules"]}
[14:08:46.378] DirectoryWatcher:: Added:: WatchInfo: /Users/azer/code/bafa/assets/js/features/CommandPalette/bower_components
[14:08:46.378] DirectoryWatcher:: Added:: WatchInfo: /Users/azer/code/bafa/assets/js/features/CommandPalette/bower_components 1 undefined Project: /dev/null/inferredProject1* watcher already invoked: false
[14:08:46.379] Elapsed:: 0.7139167785644531ms DirectoryWatcher:: Added:: WatchInfo: /Users/azer/code/bafa/assets/js/features/CommandPalette/bower_components 1 undefined Project: /dev/null/inferredProject1* watcher already invoked: false
[14:08:46.379] DirectoryWatcher:: Added:: WatchInfo: /Users/azer/code/bafa/assets/js/features/CommandPalette/node_modules
[14:08:46.379] DirectoryWatcher:: Added:: WatchInfo: /Users/azer/code/bafa/assets/js/features/CommandPalette/node_modules 1 undefined Project: /dev/null/inferredProject1* watcher already invoked: false
[14:08:46.380] Elapsed:: 0.05175018310546875ms DirectoryWatcher:: Added:: WatchInfo: /Users/azer/code/bafa/assets/js/features/CommandPalette/node_modules 1 undefined Project: /dev/null/inferredProject1* watcher already invoked: false
[14:08:46.380] Sending response:
    {"projectName":"/dev/null/inferredProject1*","typeAcquisition":{"enable":true,"include":[],"exclude":[]},"compilerOptions":{"module":1,"target":3,"jsx":1,"allowJs":true,"allowSyntheticDefaultImports":true,"allowNonTsExtensions":true,"noEmitForJsFiles":true},"typings":[],"unresolvedImports":[],"kind":"action::set"}
[14:08:46.380] Response has been sent.
[14:08:46.380] No new typings were requested as a result of typings discovery
[20:25:41.423] Got install request {"projectName":"/dev/null/inferredProject2*","fileNames":[],"compilerOptions":{"module":1,"target":3,"jsx":1,"allowJs":true,"allowSyntheticDefaultImports":true,"allowNonTsExtensions":true,"noEmitForJsFiles":true},"typeAcquisition":{"enable":true,"include":[],"exclude":[]},"unresolvedImports":[],"projectRootPath":"/Users/azer/code/bafa/assets/js/components/Icon","kind":"discover"}
[20:25:41.425] Explicitly included types: []
[20:25:41.426] Inferred typings from unresolved imports: []
[20:25:41.426] Result: {"cachedTypingPaths":[],"newTypingNames":[],"filesToWatch":["/Users/azer/code/bafa/assets/js/components/Icon/bower_components","/Users/azer/code/bafa/assets/js/components/Icon/node_modules"]}
[20:25:41.427] Finished typings discovery: {"cachedTypingPaths":[],"newTypingNames":[],"filesToWatch":["/Users/azer/code/bafa/assets/js/components/Icon/bower_components","/Users/azer/code/bafa/assets/js/components/Icon/node_modules"]}
[20:25:41.427] DirectoryWatcher:: Added:: WatchInfo: /Users/azer/code/bafa/assets/js/components/Icon/bower_components
[20:25:41.428] DirectoryWatcher:: Added:: WatchInfo: /Users/azer/code/bafa/assets/js/components/Icon/bower_components 1 undefined Project: /dev/null/inferredProject2* watcher already invoked: false
[20:25:41.428] Elapsed:: 0.3655414581298828ms DirectoryWatcher:: Added:: WatchInfo: /Users/azer/code/bafa/assets/js/components/Icon/bower_components 1 undefined Project: /dev/null/inferredProject2* watcher already invoked: false
[20:25:41.428] DirectoryWatcher:: Added:: WatchInfo: /Users/azer/code/bafa/assets/js/components/Icon/node_modules
[20:25:41.428] DirectoryWatcher:: Added:: WatchInfo: /Users/azer/code/bafa/assets/js/components/Icon/node_modules 1 undefined Project: /dev/null/inferredProject2* watcher already invoked: false
[20:25:41.429] Elapsed:: 0.07733440399169922ms DirectoryWatcher:: Added:: WatchInfo: /Users/azer/code/bafa/assets/js/components/Icon/node_modules 1 undefined Project: /dev/null/inferredProject2* watcher already invoked: false
[20:25:41.429] Sending response:
    {"projectName":"/dev/null/inferredProject2*","typeAcquisition":{"enable":true,"include":[],"exclude":[]},"compilerOptions":{"module":1,"target":3,"jsx":1,"allowJs":true,"allowSyntheticDefaultImports":true,"allowNonTsExtensions":true,"noEmitForJsFiles":true},"typings":[],"unresolvedImports":[],"kind":"action::set"}
[20:25:41.429] Response has been sent.
[20:25:41.429] No new typings were requested as a result of typings discovery
